<?xml version="1.0" encoding="UTF-8"?>
<!-- Generated by org.testng.reporters.JUnitXMLReporter -->
<testsuite hostname="LAPTOP-9R9BVN2E" ignored="17" name="Default test" tests="1" failures="0" timestamp="2022-08-31T10:07:51 IST" time="0.055" errors="0">
  <testcase name="st6" time="0.01" classname="testngpack.Flag6"/>
  <testcase name="st1" time="0.0" classname="testngpack.Flag6">
    <ignored/>
  </testcase> <!-- st1 -->
  <testcase name="it4" time="0.0" classname="testngpack.Flag6">
    <ignored/>
  </testcase> <!-- it4 -->
  <testcase name="it5" time="0.0" classname="testngpack.Flag6">
    <ignored/>
  </testcase> <!-- it5 -->
  <testcase name="it6" time="0.0" classname="testngpack.Flag6">
    <ignored/>
  </testcase> <!-- it6 -->
  <testcase name="ft3" time="0.0" classname="testngpack.Flag6">
    <ignored/>
  </testcase> <!-- ft3 -->
  <testcase name="ft4" time="0.0" classname="testngpack.Flag6">
    <ignored/>
  </testcase> <!-- ft4 -->
  <testcase name="it1" time="0.0" classname="testngpack.Flag6">
    <ignored/>
  </testcase> <!-- it1 -->
  <testcase name="ft5" time="0.0" classname="testngpack.Flag6">
    <ignored/>
  </testcase> <!-- ft5 -->
  <testcase name="it2" time="0.0" classname="testngpack.Flag6">
    <ignored/>
  </testcase> <!-- it2 -->
  <testcase name="it3" time="0.0" classname="testngpack.Flag6">
    <ignored/>
  </testcase> <!-- it3 -->
  <testcase name="ft6" time="0.0" classname="testngpack.Flag6">
    <ignored/>
  </testcase> <!-- ft6 -->
  <testcase name="ft1" time="0.0" classname="testngpack.Flag6">
    <ignored/>
  </testcase> <!-- ft1 -->
  <testcase name="ft2" time="0.0" classname="testngpack.Flag6">
    <ignored/>
  </testcase> <!-- ft2 -->
  <testcase name="st2" time="0.0" classname="testngpack.Flag6">
    <ignored/>
  </testcase> <!-- st2 -->
  <testcase name="st3" time="0.0" classname="testngpack.Flag6">
    <ignored/>
  </testcase> <!-- st3 -->
  <testcase name="st4" time="0.0" classname="testngpack.Flag6">
    <ignored/>
  </testcase> <!-- st4 -->
  <testcase name="st5" time="0.0" classname="testngpack.Flag6">
    <ignored/>
  </testcase> <!-- st5 -->
</testsuite> <!-- Default test -->
